<?xml version="1.0" encoding="UTF-8"?>
<!-- Generated by org.testng.reporters.JUnitXMLReporter -->
<testsuite ignored="0" hostname="apoorv" failures="1" tests="1" name="Login Test" time="2.737" errors="0" timestamp="09 Jul 2022 14:54:13 GMT">
  <testcase classname="com.apoorv.testcases.LoginTest" name="loginTest" time="1.646">
    <failure type="java.lang.AssertionError" message="Login test fail">
      <![CDATA[java.lang.AssertionError: Login test fail
at com.apoorv.testcases.LoginTest.loginTest(LoginTest.java:19)
... Removed 29 stack frames]]>
    </failure>
  </testcase> <!-- loginTest -->
</testsuite> <!-- Login Test -->
