<?xml version="1.0" encoding="UTF-8"?>
<testng-results ignored="0" total="2" passed="2" failed="0" skipped="0">
  <reporter-output>
  </reporter-output>
  <suite started-at="2022-07-10T06:00:53Z" name="Page object test cases" finished-at="2022-07-10T06:01:10Z" duration-ms="17414">
    <groups>
    </groups>
    <test started-at="2022-07-10T06:00:53Z" name="Login Test" finished-at="2022-07-10T06:00:56Z" duration-ms="2706">
      <class name="com.apoorv.testcases.LoginTest">
        <test-method signature="loginTest(java.util.Hashtable)[pri:0, instance:com.apoorv.testcases.LoginTest@737db7f8]" started-at="2022-07-10T06:00:53Z" name="loginTest" data-provider="dp" finished-at="2022-07-10T06:00:56Z" duration-ms="2410" status="PASS">
          <params>
            <param index="0">
              <value>
                <![CDATA[{password=JUSTdance@96, username=apoorvlifeok@outlook.com}]]>
              </value>
            </param>
          </params>
          <reporter-output>
          </reporter-output>
        </test-method> <!-- loginTest -->
      </class> <!-- com.apoorv.testcases.LoginTest -->
    </test> <!-- Login Test -->
    <test started-at="2022-07-10T06:00:57Z" name="Create account Test" finished-at="2022-07-10T06:01:10Z" duration-ms="13067">
      <class name="com.apoorv.testcases.CreateAccountTest">
        <test-method signature="createAccountTest(java.util.Hashtable)[pri:0, instance:com.apoorv.testcases.CreateAccountTest@63a28987]" started-at="2022-07-10T06:00:57Z" name="createAccountTest" data-provider="dp" finished-at="2022-07-10T06:01:10Z" duration-ms="13060" status="PASS">
          <params>
            <param index="0">
              <value>
                <![CDATA[{accountName=Rahul, =}]]>
              </value>
            </param>
          </params>
          <reporter-output>
          </reporter-output>
        </test-method> <!-- createAccountTest -->
      </class> <!-- com.apoorv.testcases.CreateAccountTest -->
      <class name="com.apoorv.testcases.LoginTest">
        <test-method is-config="true" signature="TearDown()[pri:0, instance:com.apoorv.testcases.LoginTest@737db7f8]" started-at="2022-07-10T06:01:11Z" name="TearDown" finished-at="2022-07-10T06:01:11Z" duration-ms="522" status="PASS">
          <reporter-output>
          </reporter-output>
        </test-method> <!-- TearDown -->
      </class> <!-- com.apoorv.testcases.LoginTest -->
    </test> <!-- Create account Test -->
  </suite> <!-- Page object test cases -->
</testng-results>
